[INFO] 21:52:20:341 Swamp/(4136:4136): El Logger del Swamp Fue Creado
[INFO] 21:52:20:342 Swamp/(4136:4136): Creación de archivo Swap

[INFO] 21:52:20:379 Swamp/(4136:4136): Estoy a la espera en ip: 127.0.0.1, puerto: 6009
[INFO] 21:54:02:066 Swamp/(4344:4344): El Logger del Swamp Fue Creado
[INFO] 21:54:02:066 Swamp/(4344:4344): Creación de archivo Swap

[INFO] 21:54:02:068 Swamp/(4344:4344): Estoy a la espera en ip: 127.0.0.1, puerto: 6009
[INFO] 21:54:39:652 Swamp/(4344:4344): LLego un mensaje valido
[INFO] 21:54:40:152 Swamp/(4344:4344): 
Obtengo información sobre el caso de asignación

[INFO] 21:54:40:152 Swamp/(4344:4344): 
El caso de asignación es global.

[INFO] 21:54:40:154 Swamp/(4344:4344): LLego un mensaje valido
[INFO] 21:54:40:655 Swamp/(4344:4344): 
Escritura de archivo Swap

[INFO] 21:55:40:719 Swamp/(4344:4344): LLego un mensaje valido
[INFO] 21:55:41:220 Swamp/(4344:4344): 
Escritura de archivo Swap

[INFO] 21:57:47:969 Swamp/(4782:4782): El Logger del Swamp Fue Creado
[INFO] 21:57:47:969 Swamp/(4782:4782): Creación de archivo Swap

[INFO] 21:57:47:985 Swamp/(4782:4782): Estoy a la espera en ip: 127.0.0.1, puerto: 6009
[INFO] 21:57:51:443 Swamp/(4782:4782): LLego un mensaje valido
[INFO] 21:57:51:943 Swamp/(4782:4782): 
Obtengo información sobre el caso de asignación

[INFO] 21:57:51:943 Swamp/(4782:4782): 
El caso de asignación es global.

[INFO] 21:57:51:945 Swamp/(4782:4782): LLego un mensaje valido
[INFO] 21:57:52:446 Swamp/(4782:4782): 
Escritura de archivo Swap

[INFO] 22:51:00:960 Swamp/(4782:4782): LLego un mensaje valido
[INFO] 22:53:41:475 Swamp/(7590:7590): El Logger del Swamp Fue Creado
[INFO] 22:53:41:475 Swamp/(7590:7590): Creación de archivo Swap

[INFO] 22:53:41:484 Swamp/(7590:7590): Estoy a la espera en ip: 127.0.0.1, puerto: 6009
[INFO] 22:55:11:036 Swamp/(7590:7590): LLego un mensaje valido
[INFO] 22:55:11:536 Swamp/(7590:7590): 
Obtengo información sobre el caso de asignación

[INFO] 22:55:11:537 Swamp/(7590:7590): 
El caso de asignación es global.

[INFO] 22:55:11:539 Swamp/(7590:7590): LLego un mensaje valido
[INFO] 22:55:12:039 Swamp/(7590:7590): 
Escritura de archivo Swap

[INFO] 22:56:02:365 Swamp/(7888:7888): El Logger del Swamp Fue Creado
[INFO] 22:56:02:365 Swamp/(7888:7888): Creación de archivo Swap

[INFO] 22:56:02:367 Swamp/(7888:7888): Estoy a la espera en ip: 127.0.0.1, puerto: 6009
[INFO] 22:56:25:295 Swamp/(7933:7933): El Logger del Swamp Fue Creado
[INFO] 22:56:25:295 Swamp/(7933:7933): Creación de archivo Swap

[INFO] 22:56:25:297 Swamp/(7933:7933): Estoy a la espera en ip: 127.0.0.1, puerto: 6009
[INFO] 22:57:35:689 Swamp/(8128:8128): El Logger del Swamp Fue Creado
[INFO] 22:57:35:689 Swamp/(8128:8128): Creación de archivo Swap

[INFO] 22:57:35:691 Swamp/(8128:8128): Estoy a la espera en ip: 127.0.0.1, puerto: 6009
[INFO] 22:57:45:390 Swamp/(8128:8128): LLego un mensaje valido
[INFO] 22:57:45:890 Swamp/(8128:8128): 
Obtengo información sobre el caso de asignación

[INFO] 22:57:45:891 Swamp/(8128:8128): 
El caso de asignación es global.

[INFO] 22:57:45:893 Swamp/(8128:8128): LLego un mensaje valido
[INFO] 22:57:46:394 Swamp/(8128:8128): 
Escritura de archivo Swap

[INFO] 22:59:50:916 Swamp/(8339:8339): El Logger del Swamp Fue Creado
[INFO] 22:59:50:917 Swamp/(8339:8339): Creación de archivo Swap

[INFO] 22:59:50:925 Swamp/(8339:8339): Estoy a la espera en ip: 127.0.0.1, puerto: 6009
[INFO] 23:02:33:224 Swamp/(8549:8549): El Logger del Swamp Fue Creado
[INFO] 23:02:33:224 Swamp/(8549:8549): Creación de archivo Swap

[INFO] 23:02:33:232 Swamp/(8549:8549): Estoy a la espera en ip: 127.0.0.1, puerto: 6009
[INFO] 23:03:16:454 Swamp/(8549:8549): LLego un mensaje valido
[INFO] 23:03:16:954 Swamp/(8549:8549): 
Obtengo información sobre el caso de asignación

[INFO] 23:03:16:955 Swamp/(8549:8549): 
El caso de asignación es global.

[INFO] 23:04:25:617 Swamp/(8697:8697): El Logger del Swamp Fue Creado
[INFO] 23:04:25:617 Swamp/(8697:8697): Creación de archivo Swap

[INFO] 23:04:25:619 Swamp/(8697:8697): Estoy a la espera en ip: 127.0.0.1, puerto: 6009
[INFO] 23:05:30:848 Swamp/(8796:8796): El Logger del Swamp Fue Creado
[INFO] 23:05:30:848 Swamp/(8796:8796): Creación de archivo Swap

[INFO] 23:05:30:851 Swamp/(8796:8796): Estoy a la espera en ip: 127.0.0.1, puerto: 6009
[INFO] 23:05:39:149 Swamp/(8796:8796): LLego un mensaje valido
[INFO] 23:05:39:649 Swamp/(8796:8796): 
Obtengo información sobre el caso de asignación

[INFO] 23:05:39:650 Swamp/(8796:8796): 
El caso de asignación es global.

[INFO] 23:05:39:652 Swamp/(8796:8796): LLego un mensaje valido
[INFO] 23:05:40:152 Swamp/(8796:8796): 
Escritura de archivo Swap

[INFO] 23:29:29:471 Swamp/(8796:8796): LLego un mensaje valido
[INFO] 23:29:29:971 Swamp/(8796:8796): 
Escritura de archivo Swap

[INFO] 23:29:33:712 Swamp/(10179:10179): El Logger del Swamp Fue Creado
[INFO] 23:29:33:712 Swamp/(10179:10179): Creación de archivo Swap

[INFO] 23:29:33:715 Swamp/(10179:10179): Estoy a la espera en ip: 127.0.0.1, puerto: 6009
[INFO] 23:30:18:420 Swamp/(10260:10260): El Logger del Swamp Fue Creado
[INFO] 23:30:18:421 Swamp/(10260:10260): Creación de archivo Swap

[INFO] 23:30:18:425 Swamp/(10260:10260): Estoy a la espera en ip: 127.0.0.1, puerto: 6009
[INFO] 23:30:21:757 Swamp/(10260:10260): LLego un mensaje valido
[INFO] 23:30:22:258 Swamp/(10260:10260): 
Obtengo información sobre el caso de asignación

[INFO] 23:30:22:258 Swamp/(10260:10260): 
El caso de asignación es global.

[INFO] 23:30:22:309 Swamp/(10260:10260): LLego un mensaje valido
[INFO] 23:30:22:809 Swamp/(10260:10260): 
Escritura de archivo Swap

[INFO] 23:37:19:548 Swamp/(10666:10666): El Logger del Swamp Fue Creado
[INFO] 23:37:19:548 Swamp/(10666:10666): Creación de archivo Swap

[INFO] 23:37:19:586 Swamp/(10666:10666): Estoy a la espera en ip: 127.0.0.1, puerto: 6009
[INFO] 23:37:30:769 Swamp/(10666:10666): LLego un mensaje valido
[INFO] 23:37:31:270 Swamp/(10666:10666): 
Obtengo información sobre el caso de asignación

[INFO] 23:37:31:271 Swamp/(10666:10666): 
El caso de asignación es global.

[INFO] 23:37:31:274 Swamp/(10666:10666): LLego un mensaje valido
[INFO] 23:37:31:776 Swamp/(10666:10666): 
Escritura de archivo Swap

[INFO] 23:37:31:792 Swamp/(10666:10666): LLego un mensaje valido
[INFO] 23:37:32:295 Swamp/(10666:10666): 
Chequea si puede escribir

[INFO] 23:37:32:483 Swamp/(10666:10666): LLego un mensaje valido
[INFO] 23:37:32:989 Swamp/(10666:10666): 
Chequea si puede escribir

[INFO] 23:37:33:094 Swamp/(10666:10666): LLego un mensaje valido
[INFO] 23:37:33:596 Swamp/(10666:10666): 
Chequea si puede escribir

[INFO] 23:37:35:410 Swamp/(10666:10666): LLego un mensaje valido
[INFO] 23:37:35:911 Swamp/(10666:10666): 
Chequea si puede escribir

[INFO] 23:37:35:915 Swamp/(10666:10666): LLego un mensaje valido
[INFO] 23:37:36:416 Swamp/(10666:10666): 
Chequea si puede escribir

[INFO] 23:43:16:428 Swamp/(10987:10987): El Logger del Swamp Fue Creado
[INFO] 23:43:16:428 Swamp/(10987:10987): Creación de archivo Swap

[INFO] 23:43:16:430 Swamp/(10987:10987): Estoy a la espera en ip: 127.0.0.1, puerto: 6009
[INFO] 23:44:07:556 Swamp/(10987:10987): LLego un mensaje valido
[INFO] 23:44:08:059 Swamp/(10987:10987): 
Obtengo información sobre el caso de asignación

[INFO] 23:44:08:059 Swamp/(10987:10987): 
El caso de asignación es global.

[INFO] 23:44:08:068 Swamp/(10987:10987): LLego un mensaje valido
[INFO] 23:44:08:569 Swamp/(10987:10987): 
Escritura de archivo Swap

[INFO] 23:44:08:575 Swamp/(10987:10987): LLego un mensaje valido
[INFO] 23:44:09:075 Swamp/(10987:10987): 
Chequea si puede escribir

[INFO] 23:44:09:095 Swamp/(10987:10987): LLego un mensaje valido
[INFO] 23:44:09:596 Swamp/(10987:10987): 
Chequea si puede escribir

[INFO] 23:44:09:605 Swamp/(10987:10987): LLego un mensaje valido
[INFO] 23:44:10:107 Swamp/(10987:10987): 
Chequea si puede escribir

[INFO] 23:44:53:417 Swamp/(10987:10987): LLego un mensaje valido
[INFO] 23:44:53:929 Swamp/(10987:10987): 
Chequea si puede escribir

[INFO] 23:44:53:939 Swamp/(10987:10987): LLego un mensaje valido
[INFO] 23:44:54:707 Swamp/(10987:10987): 
Chequea si puede escribir

[INFO] 23:46:41:071 Swamp/(11284:11284): El Logger del Swamp Fue Creado
[INFO] 23:46:41:072 Swamp/(11284:11284): Creación de archivo Swap

[INFO] 23:46:41:076 Swamp/(11284:11284): Estoy a la espera en ip: 127.0.0.1, puerto: 6009
[INFO] 23:46:51:455 Swamp/(11284:11284): LLego un mensaje valido
[INFO] 23:46:51:956 Swamp/(11284:11284): 
Obtengo información sobre el caso de asignación

[INFO] 23:46:51:957 Swamp/(11284:11284): 
El caso de asignación es global.

[INFO] 23:46:51:959 Swamp/(11284:11284): LLego un mensaje valido
[INFO] 23:46:52:461 Swamp/(11284:11284): 
Escritura de archivo Swap

[INFO] 23:46:52:467 Swamp/(11284:11284): LLego un mensaje valido
[INFO] 23:46:52:968 Swamp/(11284:11284): 
Chequea si puede escribir

[INFO] 23:46:53:001 Swamp/(11284:11284): LLego un mensaje valido
[INFO] 23:46:53:502 Swamp/(11284:11284): 
Chequea si puede escribir

[INFO] 23:46:53:511 Swamp/(11284:11284): LLego un mensaje valido
[INFO] 23:46:54:011 Swamp/(11284:11284): 
Chequea si puede escribir

[INFO] 23:52:26:566 Swamp/(11284:11284): LLego un mensaje valido
[INFO] 23:52:27:066 Swamp/(11284:11284): 
Chequea si puede escribir

[INFO] 23:52:27:072 Swamp/(11284:11284): LLego un mensaje valido
[INFO] 23:52:27:575 Swamp/(11284:11284): 
Chequea si puede escribir

[INFO] 23:52:30:001 Swamp/(11582:11582): El Logger del Swamp Fue Creado
[INFO] 23:52:30:002 Swamp/(11582:11582): Creación de archivo Swap

[INFO] 23:52:30:012 Swamp/(11582:11582): Estoy a la espera en ip: 127.0.0.1, puerto: 6009
[INFO] 23:53:04:079 Swamp/(11582:11582): LLego un mensaje valido
[INFO] 23:53:04:579 Swamp/(11582:11582): 
Obtengo información sobre el caso de asignación

[INFO] 23:53:04:580 Swamp/(11582:11582): 
El caso de asignación es global.

[INFO] 23:53:04:582 Swamp/(11582:11582): LLego un mensaje valido
[INFO] 23:53:05:082 Swamp/(11582:11582): 
Escritura de archivo Swap

[INFO] 20:50:55:081 Swamp/(4382:4382): El Logger del Swamp Fue Creado
[INFO] 20:50:55:082 Swamp/(4382:4382): Creación de archivo Swap

[INFO] 20:50:55:089 Swamp/(4382:4382): Estoy a la espera en ip: 127.0.0.1, puerto: 6009
[INFO] 20:51:18:019 Swamp/(4382:4382): LLego un mensaje valido
[INFO] 20:51:18:519 Swamp/(4382:4382): 
Obtengo información sobre el caso de asignación

[INFO] 20:51:18:520 Swamp/(4382:4382): 
El caso de asignación es global.

[INFO] 20:51:18:522 Swamp/(4382:4382): LLego un mensaje valido
[INFO] 20:51:19:022 Swamp/(4382:4382): 
Escritura de archivo Swap

[INFO] 20:57:04:030 Swamp/(4382:4382): LLego un mensaje valido
[INFO] 20:57:04:532 Swamp/(4382:4382): 
Escritura de archivo Swap

[INFO] 20:57:17:235 Swamp/(4780:4780): El Logger del Swamp Fue Creado
[INFO] 20:57:17:236 Swamp/(4780:4780): Creación de archivo Swap

[INFO] 20:57:17:239 Swamp/(4780:4780): Estoy a la espera en ip: 127.0.0.1, puerto: 6009
[INFO] 20:57:25:174 Swamp/(4780:4780): LLego un mensaje valido
[INFO] 20:57:25:675 Swamp/(4780:4780): 
Obtengo información sobre el caso de asignación

[INFO] 20:57:25:675 Swamp/(4780:4780): 
El caso de asignación es global.

[INFO] 20:57:25:677 Swamp/(4780:4780): LLego un mensaje valido
[INFO] 20:57:26:179 Swamp/(4780:4780): 
Escritura de archivo Swap

[INFO] 20:58:11:429 Swamp/(4893:4893): El Logger del Swamp Fue Creado
[INFO] 20:58:11:429 Swamp/(4893:4893): Creación de archivo Swap

[INFO] 20:58:11:430 Swamp/(4893:4893): Estoy a la espera en ip: 127.0.0.1, puerto: 6009
[INFO] 20:58:30:244 Swamp/(4926:4926): El Logger del Swamp Fue Creado
[INFO] 20:58:30:244 Swamp/(4926:4926): Creación de archivo Swap

[INFO] 20:58:30:247 Swamp/(4926:4926): Estoy a la espera en ip: 127.0.0.1, puerto: 6009
[INFO] 20:58:35:998 Swamp/(4933:4933): El Logger del Swamp Fue Creado
[INFO] 20:58:35:998 Swamp/(4933:4933): Creación de archivo Swap

[INFO] 20:58:36:011 Swamp/(4933:4933): Estoy a la espera en ip: 127.0.0.1, puerto: 6009
[INFO] 21:00:29:989 Swamp/(5011:5011): El Logger del Swamp Fue Creado
[INFO] 21:00:29:989 Swamp/(5011:5011): Creación de archivo Swap

[INFO] 21:00:29:991 Swamp/(5011:5011): Estoy a la espera en ip: 127.0.0.1, puerto: 6009
[INFO] 21:00:38:807 Swamp/(5011:5011): LLego un mensaje valido
[INFO] 21:00:39:307 Swamp/(5011:5011): 
Obtengo información sobre el caso de asignación

[INFO] 21:00:39:308 Swamp/(5011:5011): 
El caso de asignación es global.

[INFO] 21:00:39:311 Swamp/(5011:5011): LLego un mensaje valido
[INFO] 21:00:39:811 Swamp/(5011:5011): 
Escritura de archivo Swap

[INFO] 21:02:44:262 Swamp/(5011:5011): LLego un mensaje valido
[INFO] 21:02:44:764 Swamp/(5011:5011): 
Chequea si puede escribir

[INFO] 21:40:38:287 Swamp/(3847:3847): El Logger del Swamp Fue Creado
[INFO] 21:40:38:288 Swamp/(3847:3847): Creación de archivo Swap

[INFO] 21:40:38:289 Swamp/(3847:3847): Estoy a la espera en ip: 127.0.0.1, puerto: 6009
[INFO] 21:40:44:296 Swamp/(3847:3847): LLego un mensaje valido
[INFO] 21:40:44:796 Swamp/(3847:3847): 
Obtengo información sobre el caso de asignación

[INFO] 21:40:44:796 Swamp/(3847:3847): 
El caso de asignación es global.

[INFO] 21:40:44:798 Swamp/(3847:3847): LLego un mensaje valido
[INFO] 21:40:45:298 Swamp/(3847:3847): 
Escritura de archivo Swap

[INFO] 21:40:45:300 Swamp/(3847:3847): LLego un mensaje valido
[INFO] 21:40:45:800 Swamp/(3847:3847): 
Chequea si puede escribir

[INFO] 21:40:46:012 Swamp/(3847:3847): LLego un mensaje valido
[INFO] 21:40:46:512 Swamp/(3847:3847): 
Chequea si puede escribir

[INFO] 21:40:46:825 Swamp/(3847:3847): LLego un mensaje valido
[INFO] 21:40:47:325 Swamp/(3847:3847): 
Chequea si puede escribir

[INFO] 21:40:48:389 Swamp/(3847:3847): LLego un mensaje valido
[INFO] 21:40:48:890 Swamp/(3847:3847): 
Chequea si puede escribir

[INFO] 21:40:48:892 Swamp/(3847:3847): LLego un mensaje valido
[INFO] 21:40:49:393 Swamp/(3847:3847): 
Chequea si puede escribir

[INFO] 21:41:35:094 Swamp/(4096:4096): El Logger del Swamp Fue Creado
[INFO] 21:41:35:094 Swamp/(4096:4096): Creación de archivo Swap

[INFO] 21:41:35:095 Swamp/(4096:4096): Estoy a la espera en ip: 127.0.0.1, puerto: 6009
[INFO] 21:41:38:003 Swamp/(4096:4096): LLego un mensaje valido
[INFO] 21:41:38:504 Swamp/(4096:4096): 
Obtengo información sobre el caso de asignación

[INFO] 21:41:38:504 Swamp/(4096:4096): 
El caso de asignación es global.

[INFO] 21:41:38:505 Swamp/(4096:4096): LLego un mensaje valido
[INFO] 21:41:39:005 Swamp/(4096:4096): 
Escritura de archivo Swap

[INFO] 21:41:39:007 Swamp/(4096:4096): LLego un mensaje valido
[INFO] 21:41:39:508 Swamp/(4096:4096): 
Chequea si puede escribir

[INFO] 21:41:39:712 Swamp/(4096:4096): LLego un mensaje valido
[INFO] 21:41:40:212 Swamp/(4096:4096): 
Chequea si puede escribir

[INFO] 21:41:40:526 Swamp/(4096:4096): LLego un mensaje valido
[INFO] 21:41:41:026 Swamp/(4096:4096): 
Chequea si puede escribir

[INFO] 21:41:42:073 Swamp/(4096:4096): LLego un mensaje valido
[INFO] 21:41:42:573 Swamp/(4096:4096): 
Chequea si puede escribir

[INFO] 21:41:42:578 Swamp/(4096:4096): LLego un mensaje valido
[INFO] 21:41:43:079 Swamp/(4096:4096): 
Chequea si puede escribir

[INFO] 21:42:01:943 Swamp/(4212:4212): El Logger del Swamp Fue Creado
[INFO] 21:42:01:943 Swamp/(4212:4212): Creación de archivo Swap

[INFO] 21:42:01:944 Swamp/(4212:4212): Estoy a la espera en ip: 127.0.0.1, puerto: 6009
[INFO] 21:42:05:209 Swamp/(4212:4212): LLego un mensaje valido
[INFO] 21:42:05:711 Swamp/(4212:4212): 
Obtengo información sobre el caso de asignación

[INFO] 21:42:05:711 Swamp/(4212:4212): 
El caso de asignación es global.

[INFO] 21:42:05:712 Swamp/(4212:4212): LLego un mensaje valido
[INFO] 21:42:06:213 Swamp/(4212:4212): 
Escritura de archivo Swap

[INFO] 21:42:06:220 Swamp/(4212:4212): LLego un mensaje valido
[INFO] 21:42:06:720 Swamp/(4212:4212): 
Chequea si puede escribir

[INFO] 21:42:06:940 Swamp/(4212:4212): LLego un mensaje valido
[INFO] 21:42:07:441 Swamp/(4212:4212): 
Chequea si puede escribir

[INFO] 21:42:07:751 Swamp/(4212:4212): LLego un mensaje valido
[INFO] 21:42:08:251 Swamp/(4212:4212): 
Chequea si puede escribir

[INFO] 21:42:09:302 Swamp/(4212:4212): LLego un mensaje valido
[INFO] 21:42:09:802 Swamp/(4212:4212): 
Chequea si puede escribir

[INFO] 21:42:09:804 Swamp/(4212:4212): LLego un mensaje valido
[INFO] 21:42:10:305 Swamp/(4212:4212): 
Chequea si puede escribir

[INFO] 21:42:48:352 Swamp/(4431:4431): El Logger del Swamp Fue Creado
[INFO] 21:42:48:353 Swamp/(4431:4431): Creación de archivo Swap

[INFO] 21:42:48:353 Swamp/(4431:4431): Estoy a la espera en ip: 127.0.0.1, puerto: 6009
[INFO] 21:42:51:277 Swamp/(4431:4431): LLego un mensaje valido
[INFO] 21:42:51:777 Swamp/(4431:4431): 
Obtengo información sobre el caso de asignación

[INFO] 21:42:51:777 Swamp/(4431:4431): 
El caso de asignación es global.

[INFO] 21:42:51:777 Swamp/(4431:4431): LLego un mensaje valido
[INFO] 21:42:52:279 Swamp/(4431:4431): 
Escritura de archivo Swap

[INFO] 21:42:52:283 Swamp/(4431:4431): LLego un mensaje valido
[INFO] 21:42:52:783 Swamp/(4431:4431): 
Chequea si puede escribir

[INFO] 21:42:52:998 Swamp/(4431:4431): LLego un mensaje valido
[INFO] 21:42:53:498 Swamp/(4431:4431): 
Chequea si puede escribir

[INFO] 21:42:53:814 Swamp/(4431:4431): LLego un mensaje valido
[INFO] 21:42:54:314 Swamp/(4431:4431): 
Chequea si puede escribir

[INFO] 21:42:55:364 Swamp/(4431:4431): LLego un mensaje valido
[INFO] 21:42:55:864 Swamp/(4431:4431): 
Chequea si puede escribir

[INFO] 21:42:55:866 Swamp/(4431:4431): LLego un mensaje valido
[INFO] 21:42:56:367 Swamp/(4431:4431): 
Chequea si puede escribir

[INFO] 21:43:11:529 Swamp/(4544:4544): El Logger del Swamp Fue Creado
[INFO] 21:43:11:529 Swamp/(4544:4544): Creación de archivo Swap

[INFO] 21:43:11:529 Swamp/(4544:4544): Estoy a la espera en ip: 127.0.0.1, puerto: 6009
[INFO] 21:43:14:865 Swamp/(4544:4544): LLego un mensaje valido
[INFO] 21:43:15:365 Swamp/(4544:4544): 
Obtengo información sobre el caso de asignación

[INFO] 21:43:15:366 Swamp/(4544:4544): 
El caso de asignación es global.

[INFO] 21:43:15:366 Swamp/(4544:4544): LLego un mensaje valido
[INFO] 21:43:15:867 Swamp/(4544:4544): 
Escritura de archivo Swap

[INFO] 21:43:15:871 Swamp/(4544:4544): LLego un mensaje valido
[INFO] 21:43:16:372 Swamp/(4544:4544): 
Chequea si puede escribir

[INFO] 21:43:16:578 Swamp/(4544:4544): LLego un mensaje valido
[INFO] 21:43:17:078 Swamp/(4544:4544): 
Chequea si puede escribir

[INFO] 21:43:17:393 Swamp/(4544:4544): LLego un mensaje valido
[INFO] 21:43:17:893 Swamp/(4544:4544): 
Chequea si puede escribir

[INFO] 21:43:18:990 Swamp/(4544:4544): LLego un mensaje valido
[INFO] 21:43:19:490 Swamp/(4544:4544): 
Chequea si puede escribir

[INFO] 21:43:19:493 Swamp/(4544:4544): LLego un mensaje valido
[INFO] 21:43:19:993 Swamp/(4544:4544): 
Chequea si puede escribir

[INFO] 21:43:47:859 Swamp/(4678:4678): El Logger del Swamp Fue Creado
[INFO] 21:43:47:859 Swamp/(4678:4678): Creación de archivo Swap

[INFO] 21:43:47:860 Swamp/(4678:4678): Estoy a la espera en ip: 127.0.0.1, puerto: 6009
[INFO] 21:43:52:123 Swamp/(4678:4678): LLego un mensaje valido
[INFO] 21:43:52:623 Swamp/(4678:4678): 
Obtengo información sobre el caso de asignación

[INFO] 21:43:52:623 Swamp/(4678:4678): 
El caso de asignación es global.

[INFO] 21:43:52:624 Swamp/(4678:4678): LLego un mensaje valido
[INFO] 21:43:53:124 Swamp/(4678:4678): 
Escritura de archivo Swap

[INFO] 21:43:53:126 Swamp/(4678:4678): LLego un mensaje valido
[INFO] 21:43:53:626 Swamp/(4678:4678): 
Chequea si puede escribir

[INFO] 21:43:53:836 Swamp/(4678:4678): LLego un mensaje valido
[INFO] 21:43:54:337 Swamp/(4678:4678): 
Chequea si puede escribir

[INFO] 21:43:54:649 Swamp/(4678:4678): LLego un mensaje valido
[INFO] 21:43:55:150 Swamp/(4678:4678): 
Chequea si puede escribir

[INFO] 21:43:56:207 Swamp/(4678:4678): LLego un mensaje valido
[INFO] 21:43:56:707 Swamp/(4678:4678): 
Chequea si puede escribir

[INFO] 21:43:56:713 Swamp/(4678:4678): LLego un mensaje valido
[INFO] 21:43:57:213 Swamp/(4678:4678): 
Chequea si puede escribir

[INFO] 21:44:32:325 Swamp/(4846:4846): El Logger del Swamp Fue Creado
[INFO] 21:44:32:325 Swamp/(4846:4846): Creación de archivo Swap

[INFO] 21:44:32:326 Swamp/(4846:4846): Estoy a la espera en ip: 127.0.0.1, puerto: 6009
[INFO] 21:44:36:222 Swamp/(4846:4846): LLego un mensaje valido
[INFO] 21:44:36:722 Swamp/(4846:4846): 
Obtengo información sobre el caso de asignación

[INFO] 21:44:36:722 Swamp/(4846:4846): 
El caso de asignación es global.

[INFO] 21:44:36:725 Swamp/(4846:4846): LLego un mensaje valido
[INFO] 21:44:37:225 Swamp/(4846:4846): 
Escritura de archivo Swap

[INFO] 21:44:37:226 Swamp/(4846:4846): LLego un mensaje valido
[INFO] 21:44:37:726 Swamp/(4846:4846): 
Chequea si puede escribir

[INFO] 21:44:37:939 Swamp/(4846:4846): LLego un mensaje valido
[INFO] 21:44:38:440 Swamp/(4846:4846): 
Chequea si puede escribir

[INFO] 21:44:38:748 Swamp/(4846:4846): LLego un mensaje valido
[INFO] 21:44:39:248 Swamp/(4846:4846): 
Chequea si puede escribir

[INFO] 21:44:40:297 Swamp/(4846:4846): LLego un mensaje valido
[INFO] 21:44:40:797 Swamp/(4846:4846): 
Chequea si puede escribir

[INFO] 21:44:40:799 Swamp/(4846:4846): LLego un mensaje valido
[INFO] 21:44:41:300 Swamp/(4846:4846): 
Chequea si puede escribir

[INFO] 21:45:17:590 Swamp/(4980:4980): El Logger del Swamp Fue Creado
[INFO] 21:45:17:590 Swamp/(4980:4980): Creación de archivo Swap

[INFO] 21:45:17:591 Swamp/(4980:4980): Estoy a la espera en ip: 127.0.0.1, puerto: 6009
[INFO] 21:45:20:545 Swamp/(4980:4980): LLego un mensaje valido
[INFO] 21:45:21:045 Swamp/(4980:4980): 
Obtengo información sobre el caso de asignación

[INFO] 21:45:21:045 Swamp/(4980:4980): 
El caso de asignación es global.

[INFO] 21:45:21:046 Swamp/(4980:4980): LLego un mensaje valido
[INFO] 21:45:21:546 Swamp/(4980:4980): 
Escritura de archivo Swap

[INFO] 21:45:21:547 Swamp/(4980:4980): LLego un mensaje valido
[INFO] 21:45:22:048 Swamp/(4980:4980): 
Chequea si puede escribir

[INFO] 21:45:22:260 Swamp/(4980:4980): LLego un mensaje valido
[INFO] 21:45:22:761 Swamp/(4980:4980): 
Chequea si puede escribir

[INFO] 21:45:23:078 Swamp/(4980:4980): LLego un mensaje valido
[INFO] 21:45:23:578 Swamp/(4980:4980): 
Chequea si puede escribir

[INFO] 21:45:24:624 Swamp/(4980:4980): LLego un mensaje valido
[INFO] 21:45:25:125 Swamp/(4980:4980): 
Chequea si puede escribir

[INFO] 21:45:25:127 Swamp/(4980:4980): LLego un mensaje valido
[INFO] 21:45:25:627 Swamp/(4980:4980): 
Chequea si puede escribir

[INFO] 21:45:53:802 Swamp/(5103:5103): El Logger del Swamp Fue Creado
[INFO] 21:45:53:802 Swamp/(5103:5103): Creación de archivo Swap

[INFO] 21:45:53:803 Swamp/(5103:5103): Estoy a la espera en ip: 127.0.0.1, puerto: 6009
[INFO] 21:45:56:409 Swamp/(5103:5103): LLego un mensaje valido
[INFO] 21:45:56:909 Swamp/(5103:5103): 
Obtengo información sobre el caso de asignación

[INFO] 21:45:56:909 Swamp/(5103:5103): 
El caso de asignación es global.

[INFO] 21:45:56:909 Swamp/(5103:5103): LLego un mensaje valido
[INFO] 21:45:57:410 Swamp/(5103:5103): 
Escritura de archivo Swap

[INFO] 21:45:57:412 Swamp/(5103:5103): LLego un mensaje valido
[INFO] 21:45:57:913 Swamp/(5103:5103): 
Chequea si puede escribir

[INFO] 21:45:58:125 Swamp/(5103:5103): LLego un mensaje valido
[INFO] 21:45:58:625 Swamp/(5103:5103): 
Chequea si puede escribir

[INFO] 21:45:58:939 Swamp/(5103:5103): LLego un mensaje valido
[INFO] 21:45:59:439 Swamp/(5103:5103): 
Chequea si puede escribir

[INFO] 21:46:00:490 Swamp/(5103:5103): LLego un mensaje valido
[INFO] 21:46:00:991 Swamp/(5103:5103): 
Chequea si puede escribir

[INFO] 21:46:00:993 Swamp/(5103:5103): LLego un mensaje valido
[INFO] 21:46:01:493 Swamp/(5103:5103): 
Chequea si puede escribir

[INFO] 21:48:12:384 Swamp/(5441:5441): El Logger del Swamp Fue Creado
[INFO] 21:48:12:384 Swamp/(5441:5441): Creación de archivo Swap

[INFO] 21:48:12:385 Swamp/(5441:5441): Estoy a la espera en ip: 127.0.0.1, puerto: 6009
[INFO] 21:48:14:681 Swamp/(5441:5441): LLego un mensaje valido
[INFO] 21:48:15:181 Swamp/(5441:5441): 
Obtengo información sobre el caso de asignación

[INFO] 21:48:15:182 Swamp/(5441:5441): 
El caso de asignación es global.

[INFO] 21:48:15:183 Swamp/(5441:5441): LLego un mensaje valido
[INFO] 21:48:15:684 Swamp/(5441:5441): 
Escritura de archivo Swap

[INFO] 21:48:15:686 Swamp/(5441:5441): LLego un mensaje valido
[INFO] 21:48:16:186 Swamp/(5441:5441): 
Chequea si puede escribir

[INFO] 21:48:16:398 Swamp/(5441:5441): LLego un mensaje valido
[INFO] 21:48:16:898 Swamp/(5441:5441): 
Chequea si puede escribir

[INFO] 21:48:17:213 Swamp/(5441:5441): LLego un mensaje valido
[INFO] 21:48:17:713 Swamp/(5441:5441): 
Chequea si puede escribir

[INFO] 21:48:18:232 Swamp/(5441:5441): LLego un mensaje valido
[INFO] 21:48:18:732 Swamp/(5441:5441): 
Chequea si puede escribir

[INFO] 21:48:18:737 Swamp/(5441:5441): LLego un mensaje valido
[INFO] 21:48:19:238 Swamp/(5441:5441): 
Chequea si puede escribir

[INFO] 21:52:23:070 Swamp/(5938:5938): El Logger del Swamp Fue Creado
[INFO] 21:52:23:070 Swamp/(5938:5938): Creación de archivo Swap

[INFO] 21:52:23:071 Swamp/(5938:5938): Estoy a la espera en ip: 127.0.0.1, puerto: 6009
[INFO] 21:52:26:567 Swamp/(5938:5938): LLego un mensaje valido
[INFO] 21:52:27:067 Swamp/(5938:5938): 
Obtengo información sobre el caso de asignación

[INFO] 21:52:27:068 Swamp/(5938:5938): 
El caso de asignación es global.

[INFO] 21:52:27:071 Swamp/(5938:5938): LLego un mensaje valido
[INFO] 21:52:27:571 Swamp/(5938:5938): 
Escritura de archivo Swap

[INFO] 21:52:27:572 Swamp/(5938:5938): LLego un mensaje valido
[INFO] 21:52:28:072 Swamp/(5938:5938): 
Chequea si puede escribir

[INFO] 21:52:28:283 Swamp/(5938:5938): LLego un mensaje valido
[INFO] 21:52:28:783 Swamp/(5938:5938): 
Chequea si puede escribir

[INFO] 21:52:29:094 Swamp/(5938:5938): LLego un mensaje valido
[INFO] 21:52:29:594 Swamp/(5938:5938): 
Chequea si puede escribir

[INFO] 21:52:30:124 Swamp/(5938:5938): LLego un mensaje valido
[INFO] 21:52:30:625 Swamp/(5938:5938): 
Chequea si puede escribir

[INFO] 21:52:30:626 Swamp/(5938:5938): LLego un mensaje valido
[INFO] 21:52:31:126 Swamp/(5938:5938): 
Chequea si puede escribir

[INFO] 21:55:50:912 Swamp/(6304:6304): El Logger del Swamp Fue Creado
[INFO] 21:55:50:912 Swamp/(6304:6304): Creación de archivo Swap

[INFO] 21:55:50:913 Swamp/(6304:6304): Estoy a la espera en ip: 127.0.0.1, puerto: 6009
[INFO] 21:55:53:300 Swamp/(6304:6304): LLego un mensaje valido
[INFO] 21:55:53:800 Swamp/(6304:6304): 
Obtengo información sobre el caso de asignación

[INFO] 21:55:53:800 Swamp/(6304:6304): 
El caso de asignación es global.

[INFO] 21:55:53:801 Swamp/(6304:6304): LLego un mensaje valido
[INFO] 21:55:54:301 Swamp/(6304:6304): 
Escritura de archivo Swap

[INFO] 21:55:54:304 Swamp/(6304:6304): LLego un mensaje valido
[INFO] 21:55:54:805 Swamp/(6304:6304): 
Chequea si puede escribir

[INFO] 21:55:55:021 Swamp/(6304:6304): LLego un mensaje valido
[INFO] 21:55:55:521 Swamp/(6304:6304): 
Chequea si puede escribir

[INFO] 21:55:55:833 Swamp/(6304:6304): LLego un mensaje valido
[INFO] 21:55:56:333 Swamp/(6304:6304): 
Chequea si puede escribir

[INFO] 21:55:56:868 Swamp/(6304:6304): LLego un mensaje valido
[INFO] 21:55:57:369 Swamp/(6304:6304): 
Chequea si puede escribir

[INFO] 21:55:57:371 Swamp/(6304:6304): LLego un mensaje valido
[INFO] 21:55:57:871 Swamp/(6304:6304): 
Chequea si puede escribir

[INFO] 21:57:04:201 Swamp/(6436:6436): El Logger del Swamp Fue Creado
[INFO] 21:57:04:201 Swamp/(6436:6436): Creación de archivo Swap

[INFO] 21:57:04:202 Swamp/(6436:6436): Estoy a la espera en ip: 127.0.0.1, puerto: 6009
[INFO] 21:57:08:538 Swamp/(6436:6436): LLego un mensaje valido
[INFO] 21:57:09:038 Swamp/(6436:6436): 
Obtengo información sobre el caso de asignación

[INFO] 21:57:09:039 Swamp/(6436:6436): 
El caso de asignación es global.

[INFO] 21:57:09:041 Swamp/(6436:6436): LLego un mensaje valido
[INFO] 21:57:09:542 Swamp/(6436:6436): 
Escritura de archivo Swap

[INFO] 21:57:09:544 Swamp/(6436:6436): LLego un mensaje valido
[INFO] 21:57:10:045 Swamp/(6436:6436): 
Chequea si puede escribir

[INFO] 21:57:10:256 Swamp/(6436:6436): LLego un mensaje valido
[INFO] 21:57:10:756 Swamp/(6436:6436): 
Chequea si puede escribir

[INFO] 21:57:11:066 Swamp/(6436:6436): LLego un mensaje valido
[INFO] 21:57:11:567 Swamp/(6436:6436): 
Chequea si puede escribir

[INFO] 21:57:12:089 Swamp/(6436:6436): LLego un mensaje valido
[INFO] 21:57:12:590 Swamp/(6436:6436): 
Chequea si puede escribir

[INFO] 21:57:12:591 Swamp/(6436:6436): LLego un mensaje valido
[INFO] 21:57:13:092 Swamp/(6436:6436): 
Chequea si puede escribir

[INFO] 21:57:46:570 Swamp/(6539:6539): El Logger del Swamp Fue Creado
[INFO] 21:57:46:570 Swamp/(6539:6539): Creación de archivo Swap

[INFO] 21:57:46:571 Swamp/(6539:6539): Estoy a la espera en ip: 127.0.0.1, puerto: 6009
[INFO] 21:57:49:994 Swamp/(6539:6539): LLego un mensaje valido
[INFO] 21:57:50:494 Swamp/(6539:6539): 
Obtengo información sobre el caso de asignación

[INFO] 21:57:50:495 Swamp/(6539:6539): 
El caso de asignación es global.

[INFO] 21:57:50:497 Swamp/(6539:6539): LLego un mensaje valido
[INFO] 21:57:50:998 Swamp/(6539:6539): 
Escritura de archivo Swap

[INFO] 21:57:51:001 Swamp/(6539:6539): LLego un mensaje valido
[INFO] 21:57:51:501 Swamp/(6539:6539): 
Chequea si puede escribir

[INFO] 21:57:51:722 Swamp/(6539:6539): LLego un mensaje valido
[INFO] 21:57:52:222 Swamp/(6539:6539): 
Chequea si puede escribir

[INFO] 21:57:52:535 Swamp/(6539:6539): LLego un mensaje valido
[INFO] 21:57:53:035 Swamp/(6539:6539): 
Chequea si puede escribir

[INFO] 21:57:54:066 Swamp/(6539:6539): LLego un mensaje valido
[INFO] 21:57:54:567 Swamp/(6539:6539): 
Chequea si puede escribir

[INFO] 21:57:54:571 Swamp/(6539:6539): LLego un mensaje valido
[INFO] 21:57:55:071 Swamp/(6539:6539): 
Chequea si puede escribir

[INFO] 21:59:24:369 Swamp/(6730:6730): El Logger del Swamp Fue Creado
[INFO] 21:59:24:369 Swamp/(6730:6730): Creación de archivo Swap

[INFO] 21:59:24:369 Swamp/(6730:6730): Estoy a la espera en ip: 127.0.0.1, puerto: 6009
[INFO] 21:59:27:583 Swamp/(6730:6730): LLego un mensaje valido
[INFO] 21:59:28:083 Swamp/(6730:6730): 
Obtengo información sobre el caso de asignación

[INFO] 21:59:28:084 Swamp/(6730:6730): 
El caso de asignación es global.

[INFO] 21:59:28:084 Swamp/(6730:6730): LLego un mensaje valido
[INFO] 21:59:28:585 Swamp/(6730:6730): 
Escritura de archivo Swap

[INFO] 21:59:28:586 Swamp/(6730:6730): LLego un mensaje valido
[INFO] 21:59:29:087 Swamp/(6730:6730): 
Chequea si puede escribir

[INFO] 21:59:29:296 Swamp/(6730:6730): LLego un mensaje valido
[INFO] 21:59:29:797 Swamp/(6730:6730): 
Chequea si puede escribir

[INFO] 21:59:30:108 Swamp/(6730:6730): LLego un mensaje valido
[INFO] 21:59:30:608 Swamp/(6730:6730): 
Chequea si puede escribir

[INFO] 21:59:31:600 Swamp/(6730:6730): LLego un mensaje valido
[INFO] 21:59:32:100 Swamp/(6730:6730): 
Chequea si puede escribir

[INFO] 21:59:32:103 Swamp/(6730:6730): LLego un mensaje valido
[INFO] 21:59:32:603 Swamp/(6730:6730): 
Chequea si puede escribir

[INFO] 22:02:24:791 Swamp/(7070:7070): El Logger del Swamp Fue Creado
[INFO] 22:02:24:791 Swamp/(7070:7070): Creación de archivo Swap

[INFO] 22:02:24:792 Swamp/(7070:7070): Estoy a la espera en ip: 127.0.0.1, puerto: 6009
[INFO] 22:02:27:540 Swamp/(7070:7070): LLego un mensaje valido
[INFO] 22:02:28:040 Swamp/(7070:7070): 
Obtengo información sobre el caso de asignación

[INFO] 22:02:28:041 Swamp/(7070:7070): 
El caso de asignación es global.

[INFO] 22:02:28:041 Swamp/(7070:7070): LLego un mensaje valido
[INFO] 22:02:28:541 Swamp/(7070:7070): 
Escritura de archivo Swap

[INFO] 22:02:28:542 Swamp/(7070:7070): LLego un mensaje valido
[INFO] 22:02:29:043 Swamp/(7070:7070): 
Chequea si puede escribir

[INFO] 22:02:29:253 Swamp/(7070:7070): LLego un mensaje valido
[INFO] 22:02:29:754 Swamp/(7070:7070): 
Chequea si puede escribir

[INFO] 22:02:30:065 Swamp/(7070:7070): LLego un mensaje valido
[INFO] 22:02:30:566 Swamp/(7070:7070): 
Chequea si puede escribir

[INFO] 22:02:31:558 Swamp/(7070:7070): LLego un mensaje valido
[INFO] 22:02:32:058 Swamp/(7070:7070): 
Chequea si puede escribir

[INFO] 22:02:32:059 Swamp/(7070:7070): LLego un mensaje valido
[INFO] 22:02:32:559 Swamp/(7070:7070): 
Chequea si puede escribir

[INFO] 22:03:16:511 Swamp/(7209:7209): El Logger del Swamp Fue Creado
[INFO] 22:03:16:511 Swamp/(7209:7209): Creación de archivo Swap

[INFO] 22:03:16:511 Swamp/(7209:7209): Estoy a la espera en ip: 127.0.0.1, puerto: 6009
[INFO] 22:03:19:792 Swamp/(7209:7209): LLego un mensaje valido
[INFO] 22:03:20:292 Swamp/(7209:7209): 
Obtengo información sobre el caso de asignación

[INFO] 22:03:20:292 Swamp/(7209:7209): 
El caso de asignación es global.

[INFO] 22:03:20:293 Swamp/(7209:7209): LLego un mensaje valido
[INFO] 22:03:20:793 Swamp/(7209:7209): 
Escritura de archivo Swap

[INFO] 22:03:20:796 Swamp/(7209:7209): LLego un mensaje valido
[INFO] 22:03:21:296 Swamp/(7209:7209): 
Chequea si puede escribir

[INFO] 22:03:21:504 Swamp/(7209:7209): LLego un mensaje valido
[INFO] 22:03:22:005 Swamp/(7209:7209): 
Chequea si puede escribir

[INFO] 22:03:22:316 Swamp/(7209:7209): LLego un mensaje valido
[INFO] 22:03:22:816 Swamp/(7209:7209): 
Chequea si puede escribir

[INFO] 22:03:23:802 Swamp/(7209:7209): LLego un mensaje valido
[INFO] 22:03:24:303 Swamp/(7209:7209): 
Chequea si puede escribir

[INFO] 22:03:24:304 Swamp/(7209:7209): LLego un mensaje valido
[INFO] 22:03:24:804 Swamp/(7209:7209): 
Chequea si puede escribir

[INFO] 22:04:29:179 Swamp/(7372:7372): El Logger del Swamp Fue Creado
[INFO] 22:04:29:179 Swamp/(7372:7372): Creación de archivo Swap

[INFO] 22:04:29:179 Swamp/(7372:7372): Estoy a la espera en ip: 127.0.0.1, puerto: 6009
[INFO] 22:04:32:748 Swamp/(7372:7372): LLego un mensaje valido
[INFO] 22:04:33:248 Swamp/(7372:7372): 
Obtengo información sobre el caso de asignación

[INFO] 22:04:33:249 Swamp/(7372:7372): 
El caso de asignación es global.

[INFO] 22:04:33:249 Swamp/(7372:7372): LLego un mensaje valido
[INFO] 22:04:33:749 Swamp/(7372:7372): 
Escritura de archivo Swap

[INFO] 22:04:33:753 Swamp/(7372:7372): LLego un mensaje valido
[INFO] 22:04:34:253 Swamp/(7372:7372): 
Chequea si puede escribir

[INFO] 22:04:34:461 Swamp/(7372:7372): LLego un mensaje valido
[INFO] 22:04:34:961 Swamp/(7372:7372): 
Chequea si puede escribir

[INFO] 22:04:35:275 Swamp/(7372:7372): LLego un mensaje valido
[INFO] 22:04:35:776 Swamp/(7372:7372): 
Chequea si puede escribir

[INFO] 22:04:36:779 Swamp/(7372:7372): LLego un mensaje valido
[INFO] 22:04:37:280 Swamp/(7372:7372): 
Chequea si puede escribir

[INFO] 22:04:37:281 Swamp/(7372:7372): LLego un mensaje valido
[INFO] 22:04:37:782 Swamp/(7372:7372): 
Chequea si puede escribir

[INFO] 22:05:27:997 Swamp/(7525:7525): El Logger del Swamp Fue Creado
[INFO] 22:05:27:997 Swamp/(7525:7525): Creación de archivo Swap

[INFO] 22:05:27:997 Swamp/(7525:7525): Estoy a la espera en ip: 127.0.0.1, puerto: 6009
[INFO] 22:05:31:628 Swamp/(7525:7525): LLego un mensaje valido
[INFO] 22:05:32:128 Swamp/(7525:7525): 
Obtengo información sobre el caso de asignación

[INFO] 22:05:32:129 Swamp/(7525:7525): 
El caso de asignación es global.

[INFO] 22:05:32:129 Swamp/(7525:7525): LLego un mensaje valido
[INFO] 22:05:32:630 Swamp/(7525:7525): 
Escritura de archivo Swap

[INFO] 22:05:32:631 Swamp/(7525:7525): LLego un mensaje valido
[INFO] 22:05:33:132 Swamp/(7525:7525): 
Chequea si puede escribir

[INFO] 22:05:33:340 Swamp/(7525:7525): LLego un mensaje valido
[INFO] 22:05:33:840 Swamp/(7525:7525): 
Chequea si puede escribir

[INFO] 22:05:34:151 Swamp/(7525:7525): LLego un mensaje valido
[INFO] 22:05:34:651 Swamp/(7525:7525): 
Chequea si puede escribir

[INFO] 22:05:35:642 Swamp/(7525:7525): LLego un mensaje valido
[INFO] 22:05:36:143 Swamp/(7525:7525): 
Chequea si puede escribir

[INFO] 22:05:36:143 Swamp/(7525:7525): LLego un mensaje valido
[INFO] 22:05:36:644 Swamp/(7525:7525): 
Chequea si puede escribir

[INFO] 22:06:38:432 Swamp/(7678:7678): El Logger del Swamp Fue Creado
[INFO] 22:06:38:432 Swamp/(7678:7678): Creación de archivo Swap

[INFO] 22:06:38:433 Swamp/(7678:7678): Estoy a la espera en ip: 127.0.0.1, puerto: 6009
[INFO] 22:06:42:312 Swamp/(7678:7678): LLego un mensaje valido
[INFO] 22:06:42:813 Swamp/(7678:7678): 
Obtengo información sobre el caso de asignación

[INFO] 22:06:42:813 Swamp/(7678:7678): 
El caso de asignación es global.

[INFO] 22:06:42:816 Swamp/(7678:7678): LLego un mensaje valido
[INFO] 22:06:43:316 Swamp/(7678:7678): 
Escritura de archivo Swap

[INFO] 22:06:43:321 Swamp/(7678:7678): LLego un mensaje valido
[INFO] 22:06:43:821 Swamp/(7678:7678): 
Chequea si puede escribir

[INFO] 22:06:44:060 Swamp/(7678:7678): LLego un mensaje valido
[INFO] 22:06:44:560 Swamp/(7678:7678): 
Chequea si puede escribir

[INFO] 22:06:44:885 Swamp/(7678:7678): LLego un mensaje valido
[INFO] 22:06:45:386 Swamp/(7678:7678): 
Chequea si puede escribir

[INFO] 22:06:46:535 Swamp/(7678:7678): LLego un mensaje valido
[INFO] 22:06:47:035 Swamp/(7678:7678): 
Chequea si puede escribir

[INFO] 22:06:47:037 Swamp/(7678:7678): LLego un mensaje valido
[INFO] 22:06:47:538 Swamp/(7678:7678): 
Chequea si puede escribir

[INFO] 22:13:28:634 Swamp/(8324:8324): El Logger del Swamp Fue Creado
[INFO] 22:13:28:634 Swamp/(8324:8324): Creación de archivo Swap

[INFO] 22:13:28:635 Swamp/(8324:8324): Estoy a la espera en ip: 127.0.0.1, puerto: 6009
[INFO] 22:13:31:945 Swamp/(8324:8324): LLego un mensaje valido
[INFO] 22:13:32:445 Swamp/(8324:8324): 
Obtengo información sobre el caso de asignación

[INFO] 22:13:32:445 Swamp/(8324:8324): 
El caso de asignación es global.

[INFO] 22:13:32:446 Swamp/(8324:8324): LLego un mensaje valido
[INFO] 22:13:32:947 Swamp/(8324:8324): 
Escritura de archivo Swap

[INFO] 22:13:32:949 Swamp/(8324:8324): LLego un mensaje valido
[INFO] 22:13:33:449 Swamp/(8324:8324): 
Chequea si puede escribir

[INFO] 22:13:33:665 Swamp/(8324:8324): LLego un mensaje valido
[INFO] 22:13:34:165 Swamp/(8324:8324): 
Chequea si puede escribir

[INFO] 22:13:34:479 Swamp/(8324:8324): LLego un mensaje valido
[INFO] 22:13:34:980 Swamp/(8324:8324): 
Chequea si puede escribir

[INFO] 22:13:35:812 Swamp/(8324:8324): LLego un mensaje valido
[INFO] 22:13:36:312 Swamp/(8324:8324): 
Chequea si puede escribir

[INFO] 22:13:36:313 Swamp/(8324:8324): LLego un mensaje valido
[INFO] 22:13:36:813 Swamp/(8324:8324): 
Chequea si puede escribir

[INFO] 22:29:14:728 Swamp/(9917:9917): El Logger del Swamp Fue Creado
[INFO] 22:29:14:728 Swamp/(9917:9917): Creación de archivo Swap

[INFO] 22:29:14:729 Swamp/(9917:9917): Estoy a la espera en ip: 127.0.0.1, puerto: 6009
[INFO] 22:33:24:856 Swamp/(10408:10408): El Logger del Swamp Fue Creado
[INFO] 22:33:24:856 Swamp/(10408:10408): Creación de archivo Swap

[INFO] 22:33:24:857 Swamp/(10408:10408): Estoy a la espera en ip: 127.0.0.1, puerto: 6009
[INFO] 22:33:28:398 Swamp/(10408:10408): LLego un mensaje valido
[INFO] 22:33:28:899 Swamp/(10408:10408): 
Obtengo información sobre el caso de asignación

[INFO] 22:33:28:899 Swamp/(10408:10408): 
El caso de asignación es global.

[INFO] 22:33:28:900 Swamp/(10408:10408): LLego un mensaje valido
[INFO] 22:33:29:401 Swamp/(10408:10408): 
Escritura de archivo Swap

[INFO] 22:33:29:403 Swamp/(10408:10408): LLego un mensaje valido
[INFO] 22:33:29:903 Swamp/(10408:10408): 
Chequea si puede escribir

[INFO] 22:33:30:113 Swamp/(10408:10408): LLego un mensaje valido
[INFO] 22:33:30:614 Swamp/(10408:10408): 
Chequea si puede escribir

[INFO] 22:33:30:926 Swamp/(10408:10408): LLego un mensaje valido
[INFO] 22:33:31:427 Swamp/(10408:10408): 
Chequea si puede escribir

[INFO] 22:33:32:367 Swamp/(10408:10408): LLego un mensaje valido
[INFO] 22:33:32:867 Swamp/(10408:10408): 
Chequea si puede escribir

[INFO] 22:33:32:869 Swamp/(10408:10408): LLego un mensaje valido
[INFO] 22:33:33:370 Swamp/(10408:10408): 
Chequea si puede escribir

[INFO] 22:34:08:697 Swamp/(10527:10527): El Logger del Swamp Fue Creado
[INFO] 22:34:08:698 Swamp/(10527:10527): Creación de archivo Swap

[INFO] 22:34:08:699 Swamp/(10527:10527): Estoy a la espera en ip: 127.0.0.1, puerto: 6009
[INFO] 22:34:10:688 Swamp/(10527:10527): LLego un mensaje valido
[INFO] 22:34:11:188 Swamp/(10527:10527): 
Obtengo información sobre el caso de asignación

[INFO] 22:34:11:188 Swamp/(10527:10527): 
El caso de asignación es global.

[INFO] 22:34:11:189 Swamp/(10527:10527): LLego un mensaje valido
[INFO] 22:34:11:690 Swamp/(10527:10527): 
Escritura de archivo Swap

[INFO] 22:34:11:692 Swamp/(10527:10527): LLego un mensaje valido
[INFO] 22:34:12:193 Swamp/(10527:10527): 
Chequea si puede escribir

[INFO] 22:34:12:405 Swamp/(10527:10527): LLego un mensaje valido
[INFO] 22:34:12:906 Swamp/(10527:10527): 
Chequea si puede escribir

[INFO] 22:34:13:223 Swamp/(10527:10527): LLego un mensaje valido
[INFO] 22:34:13:723 Swamp/(10527:10527): 
Chequea si puede escribir

[INFO] 22:34:14:669 Swamp/(10527:10527): LLego un mensaje valido
[INFO] 22:34:15:170 Swamp/(10527:10527): 
Chequea si puede escribir

[INFO] 22:34:15:171 Swamp/(10527:10527): LLego un mensaje valido
[INFO] 22:34:15:671 Swamp/(10527:10527): 
Chequea si puede escribir

[INFO] 22:35:10:314 Swamp/(10666:10666): El Logger del Swamp Fue Creado
[INFO] 22:35:10:314 Swamp/(10666:10666): Creación de archivo Swap

[INFO] 22:35:10:315 Swamp/(10666:10666): Estoy a la espera en ip: 127.0.0.1, puerto: 6009
[INFO] 22:35:13:050 Swamp/(10666:10666): LLego un mensaje valido
[INFO] 22:35:13:550 Swamp/(10666:10666): 
Obtengo información sobre el caso de asignación

[INFO] 22:35:13:550 Swamp/(10666:10666): 
El caso de asignación es global.

[INFO] 22:35:13:550 Swamp/(10666:10666): LLego un mensaje valido
[INFO] 22:35:14:051 Swamp/(10666:10666): 
Escritura de archivo Swap

[INFO] 22:35:14:053 Swamp/(10666:10666): LLego un mensaje valido
[INFO] 22:35:14:554 Swamp/(10666:10666): 
Chequea si puede escribir

[INFO] 22:35:14:771 Swamp/(10666:10666): LLego un mensaje valido
[INFO] 22:35:15:271 Swamp/(10666:10666): 
Chequea si puede escribir

[INFO] 22:35:15:579 Swamp/(10666:10666): LLego un mensaje valido
[INFO] 22:35:16:079 Swamp/(10666:10666): 
Chequea si puede escribir

[INFO] 22:35:16:906 Swamp/(10666:10666): LLego un mensaje valido
[INFO] 22:35:17:406 Swamp/(10666:10666): 
Chequea si puede escribir

[INFO] 22:35:17:408 Swamp/(10666:10666): LLego un mensaje valido
[INFO] 22:35:17:908 Swamp/(10666:10666): 
Chequea si puede escribir

[INFO] 22:37:05:073 Swamp/(10873:10873): El Logger del Swamp Fue Creado
[INFO] 22:37:05:073 Swamp/(10873:10873): Creación de archivo Swap

[INFO] 22:37:05:074 Swamp/(10873:10873): Estoy a la espera en ip: 127.0.0.1, puerto: 6009
[INFO] 22:37:06:997 Swamp/(10873:10873): LLego un mensaje valido
[INFO] 22:37:07:497 Swamp/(10873:10873): 
Obtengo información sobre el caso de asignación

[INFO] 22:37:07:498 Swamp/(10873:10873): 
El caso de asignación es global.

[INFO] 22:37:07:499 Swamp/(10873:10873): LLego un mensaje valido
[INFO] 22:37:07:999 Swamp/(10873:10873): 
Escritura de archivo Swap

[INFO] 22:37:07:999 Swamp/(10873:10873): LLego un mensaje valido
[INFO] 22:37:08:500 Swamp/(10873:10873): 
Chequea si puede escribir

[INFO] 22:37:08:710 Swamp/(10873:10873): LLego un mensaje valido
[INFO] 22:37:09:211 Swamp/(10873:10873): 
Chequea si puede escribir

[INFO] 22:37:09:521 Swamp/(10873:10873): LLego un mensaje valido
[INFO] 22:37:10:021 Swamp/(10873:10873): 
Chequea si puede escribir

[INFO] 22:37:10:840 Swamp/(10873:10873): LLego un mensaje valido
[INFO] 22:37:11:341 Swamp/(10873:10873): 
Chequea si puede escribir

[INFO] 22:37:11:342 Swamp/(10873:10873): LLego un mensaje valido
[INFO] 22:37:11:843 Swamp/(10873:10873): 
Chequea si puede escribir

[INFO] 22:37:41:144 Swamp/(11006:11006): El Logger del Swamp Fue Creado
[INFO] 22:37:41:144 Swamp/(11006:11006): Creación de archivo Swap

[INFO] 22:37:41:145 Swamp/(11006:11006): Estoy a la espera en ip: 127.0.0.1, puerto: 6009
[INFO] 22:37:44:101 Swamp/(11006:11006): LLego un mensaje valido
[INFO] 22:37:44:602 Swamp/(11006:11006): 
Obtengo información sobre el caso de asignación

[INFO] 22:37:44:602 Swamp/(11006:11006): 
El caso de asignación es global.

[INFO] 22:37:44:603 Swamp/(11006:11006): LLego un mensaje valido
[INFO] 22:37:45:103 Swamp/(11006:11006): 
Escritura de archivo Swap

[INFO] 22:37:45:105 Swamp/(11006:11006): LLego un mensaje valido
[INFO] 22:37:45:605 Swamp/(11006:11006): 
Chequea si puede escribir

[INFO] 22:37:45:709 Swamp/(11006:11006): LLego un mensaje valido
[INFO] 22:37:46:210 Swamp/(11006:11006): 
Chequea si puede escribir

[INFO] 22:37:46:523 Swamp/(11006:11006): LLego un mensaje valido
[INFO] 22:37:47:023 Swamp/(11006:11006): 
Chequea si puede escribir

[INFO] 22:37:47:025 Swamp/(11006:11006): LLego un mensaje valido
[INFO] 22:37:47:526 Swamp/(11006:11006): 
Chequea si puede escribir

[INFO] 22:38:27:768 Swamp/(11116:11116): El Logger del Swamp Fue Creado
[INFO] 22:38:27:768 Swamp/(11116:11116): Creación de archivo Swap

[INFO] 22:38:27:768 Swamp/(11116:11116): Estoy a la espera en ip: 127.0.0.1, puerto: 6009
[INFO] 22:38:30:400 Swamp/(11116:11116): LLego un mensaje valido
[INFO] 22:38:30:901 Swamp/(11116:11116): 
Obtengo información sobre el caso de asignación

[INFO] 22:38:30:901 Swamp/(11116:11116): 
El caso de asignación es global.

[INFO] 22:38:30:902 Swamp/(11116:11116): LLego un mensaje valido
[INFO] 22:38:31:403 Swamp/(11116:11116): 
Escritura de archivo Swap

[INFO] 22:38:31:405 Swamp/(11116:11116): LLego un mensaje valido
[INFO] 22:38:31:905 Swamp/(11116:11116): 
Chequea si puede escribir

[INFO] 22:38:32:117 Swamp/(11116:11116): LLego un mensaje valido
[INFO] 22:38:32:617 Swamp/(11116:11116): 
Chequea si puede escribir

[INFO] 22:38:32:825 Swamp/(11116:11116): LLego un mensaje valido
[INFO] 22:38:33:325 Swamp/(11116:11116): 
Chequea si puede escribir

[INFO] 22:38:33:741 Swamp/(11116:11116): LLego un mensaje valido
[INFO] 22:38:34:242 Swamp/(11116:11116): 
Chequea si puede escribir

[INFO] 22:38:34:245 Swamp/(11116:11116): LLego un mensaje valido
[INFO] 22:38:34:746 Swamp/(11116:11116): 
Chequea si puede escribir

[INFO] 22:39:32:873 Swamp/(11265:11265): El Logger del Swamp Fue Creado
[INFO] 22:39:32:873 Swamp/(11265:11265): Creación de archivo Swap

[INFO] 22:39:32:874 Swamp/(11265:11265): Estoy a la espera en ip: 127.0.0.1, puerto: 6009
[INFO] 22:39:35:795 Swamp/(11265:11265): LLego un mensaje valido
[INFO] 22:39:36:295 Swamp/(11265:11265): 
Obtengo información sobre el caso de asignación

[INFO] 22:39:36:295 Swamp/(11265:11265): 
El caso de asignación es global.

[INFO] 22:39:36:296 Swamp/(11265:11265): LLego un mensaje valido
[INFO] 22:39:36:796 Swamp/(11265:11265): 
Escritura de archivo Swap

[INFO] 22:39:36:798 Swamp/(11265:11265): LLego un mensaje valido
[INFO] 22:39:37:298 Swamp/(11265:11265): 
Chequea si puede escribir

[INFO] 22:39:37:508 Swamp/(11265:11265): LLego un mensaje valido
[INFO] 22:39:38:008 Swamp/(11265:11265): 
Chequea si puede escribir

[INFO] 22:39:38:218 Swamp/(11265:11265): LLego un mensaje valido
[INFO] 22:39:38:719 Swamp/(11265:11265): 
Chequea si puede escribir

[INFO] 22:39:39:138 Swamp/(11265:11265): LLego un mensaje valido
[INFO] 22:39:39:639 Swamp/(11265:11265): 
Chequea si puede escribir

[INFO] 22:39:39:640 Swamp/(11265:11265): LLego un mensaje valido
[INFO] 22:39:40:141 Swamp/(11265:11265): 
Chequea si puede escribir

[INFO] 15:48:30:722 Swamp/(13504:13504): El Logger del Swamp Fue Creado
[INFO] 15:48:30:722 Swamp/(13504:13504): Creación de archivo Swap

[INFO] 15:48:30:722 Swamp/(13504:13504): Estoy a la espera en ip: 127.0.0.1, puerto: 6009
[INFO] 15:48:59:106 Swamp/(13614:13614): El Logger del Swamp Fue Creado
[INFO] 15:48:59:106 Swamp/(13614:13614): Creación de archivo Swap

[INFO] 15:48:59:107 Swamp/(13614:13614): Estoy a la espera en ip: 127.0.0.1, puerto: 6009
[INFO] 15:50:16:214 Swamp/(13614:13614): [ TIPO DE ASIGNACION ] Obtengo información sobre el caso de asignación
[INFO] 15:50:16:215 Swamp/(13614:13614): [ TIPO DE ASIGNACION ] El tipo de asignacion es: GLOBAL
[INFO] 15:51:07:410 Swamp/(13955:13955): El Logger del Swamp Fue Creado
[INFO] 15:51:07:410 Swamp/(13955:13955): Creación de archivo Swap

[INFO] 15:51:07:410 Swamp/(13955:13955): Estoy a la espera en ip: 127.0.0.1, puerto: 6009
[INFO] 15:53:37:081 Swamp/(14143:14143): El Logger del Swamp Fue Creado
[INFO] 15:53:37:082 Swamp/(14143:14143): Creación de archivo Swap

[INFO] 15:53:37:082 Swamp/(14143:14143): Estoy a la espera en ip: 127.0.0.1, puerto: 6009
[INFO] 15:53:41:040 Swamp/(14143:14143): [ TIPO DE ASIGNACION ] Obtengo información sobre el caso de asignación
[INFO] 15:53:41:040 Swamp/(14143:14143): [ TIPO DE ASIGNACION ] El tipo de asignacion es: GLOBAL
[INFO] 15:55:00:624 Swamp/(14143:14143): [ VERIFICACION DE ESCIRTURA ] llego un mensaje de VERIFICACION DE ESCIRTURA de archivo Swap
[INFO] 15:55:00:624 Swamp/(14143:14143): [ PERMISO DE ESCRITURA ] El carpincho 14361 cantidad de paginas 1 puede escribir
[INFO] 15:55:01:446 Swamp/(14143:14143): [ VERIFICACION DE ESCIRTURA ] llego un mensaje de VERIFICACION DE ESCIRTURA de archivo Swap
[INFO] 15:55:01:447 Swamp/(14143:14143): [ PERMISO DE ESCRITURA ] El carpincho 14362 cantidad de paginas 1 puede escribir
[INFO] 15:55:02:310 Swamp/(14143:14143): [ VERIFICACION DE ESCIRTURA ] llego un mensaje de VERIFICACION DE ESCIRTURA de archivo Swap
[INFO] 15:55:02:310 Swamp/(14143:14143): [ PERMISO DE ESCRITURA ] El carpincho 14363 cantidad de paginas 1 puede escribir
[INFO] 15:55:03:161 Swamp/(14143:14143): [ VERIFICACION DE ESCIRTURA ] llego un mensaje de VERIFICACION DE ESCIRTURA de archivo Swap
[INFO] 15:55:03:161 Swamp/(14143:14143): [ PERMISO DE ESCRITURA ] El carpincho 14361 cantidad de paginas 1 puede escribir
[INFO] 15:55:04:006 Swamp/(14143:14143): [ VERIFICACION DE ESCIRTURA ] llego un mensaje de VERIFICACION DE ESCIRTURA de archivo Swap
[INFO] 15:55:04:006 Swamp/(14143:14143): [ PERMISO DE ESCRITURA ] El carpincho 14362 cantidad de paginas 1 puede escribir
[INFO] 15:55:04:850 Swamp/(14143:14143): [ VERIFICACION DE ESCIRTURA ] llego un mensaje de VERIFICACION DE ESCIRTURA de archivo Swap
[INFO] 15:55:04:850 Swamp/(14143:14143): [ PERMISO DE ESCRITURA ] El carpincho 14363 cantidad de paginas 1 puede escribir
[INFO] 15:55:05:693 Swamp/(14143:14143): [ VERIFICACION DE ESCIRTURA ] llego un mensaje de VERIFICACION DE ESCIRTURA de archivo Swap
[INFO] 15:55:05:693 Swamp/(14143:14143): [ PERMISO DE ESCRITURA ] El carpincho 14361 cantidad de paginas 1 puede escribir
[INFO] 15:55:06:540 Swamp/(14143:14143): [ VERIFICACION DE ESCIRTURA ] llego un mensaje de VERIFICACION DE ESCIRTURA de archivo Swap
[INFO] 15:55:06:540 Swamp/(14143:14143): [ PERMISO DE ESCRITURA ] El carpincho 14362 cantidad de paginas 1 puede escribir
[INFO] 15:55:07:389 Swamp/(14143:14143): [ VERIFICACION DE ESCIRTURA ] llego un mensaje de VERIFICACION DE ESCIRTURA de archivo Swap
[INFO] 15:55:07:389 Swamp/(14143:14143): [ PERMISO DE ESCRITURA ] El carpincho 14363 cantidad de paginas 1 puede escribir
[INFO] 15:55:08:246 Swamp/(14143:14143): [ VERIFICACION DE ESCIRTURA ] llego un mensaje de VERIFICACION DE ESCIRTURA de archivo Swap
[INFO] 15:55:08:247 Swamp/(14143:14143): [ PERMISO DE ESCRITURA ] El carpincho 14361 cantidad de paginas 1 puede escribir
[INFO] 15:55:09:082 Swamp/(14143:14143): [ VERIFICACION DE ESCIRTURA ] llego un mensaje de VERIFICACION DE ESCIRTURA de archivo Swap
[INFO] 15:55:09:082 Swamp/(14143:14143): [ PERMISO DE ESCRITURA ] El carpincho 14362 cantidad de paginas 1 puede escribir
[INFO] 15:55:09:923 Swamp/(14143:14143): [ VERIFICACION DE ESCIRTURA ] llego un mensaje de VERIFICACION DE ESCIRTURA de archivo Swap
[INFO] 15:55:09:924 Swamp/(14143:14143): [ PERMISO DE ESCRITURA ] El carpincho 14363 cantidad de paginas 1 puede escribir
[INFO] 15:55:11:401 Swamp/(14143:14143): [ VERIFICACION DE ESCIRTURA ] llego un mensaje de VERIFICACION DE ESCIRTURA de archivo Swap
[INFO] 15:55:11:401 Swamp/(14143:14143): [ PERMISO DE ESCRITURA ] El carpincho 14361 cantidad de paginas 1 puede escribir
[INFO] 15:55:11:903 Swamp/(14143:14143): [ ESCRITURA ] llego un mensaje de ESCRITURA de archivo Swap
[INFO] 15:55:11:904 Swamp/(14143:14143): [ ESCRITURA ] El carpincho 14362 pagina 2 pudo escribir exitosamente!
[INFO] 15:55:12:747 Swamp/(14143:14143): [ VERIFICACION DE ESCIRTURA ] llego un mensaje de VERIFICACION DE ESCIRTURA de archivo Swap
[INFO] 15:55:12:747 Swamp/(14143:14143): [ PERMISO DE ESCRITURA ] El carpincho 14361 cantidad de paginas 1 puede escribir
[INFO] 15:55:13:249 Swamp/(14143:14143): [ ESCRITURA ] llego un mensaje de ESCRITURA de archivo Swap
[INFO] 15:55:13:250 Swamp/(14143:14143): [ ESCRITURA ] El carpincho 14363 pagina 2 pudo escribir exitosamente!
[INFO] 15:55:14:083 Swamp/(14143:14143): [ VERIFICACION DE ESCIRTURA ] llego un mensaje de VERIFICACION DE ESCIRTURA de archivo Swap
[INFO] 15:55:14:083 Swamp/(14143:14143): [ PERMISO DE ESCRITURA ] El carpincho 14361 cantidad de paginas 1 puede escribir
[INFO] 15:55:14:585 Swamp/(14143:14143): [ ESCRITURA ] llego un mensaje de ESCRITURA de archivo Swap
[INFO] 15:55:14:586 Swamp/(14143:14143): [ ESCRITURA ] El carpincho 14362 pagina 3 pudo escribir exitosamente!
[INFO] 15:55:15:421 Swamp/(14143:14143): [ VERIFICACION DE ESCIRTURA ] llego un mensaje de VERIFICACION DE ESCIRTURA de archivo Swap
[INFO] 15:55:15:421 Swamp/(14143:14143): [ PERMISO DE ESCRITURA ] El carpincho 14361 cantidad de paginas 1 puede escribir
[INFO] 15:55:15:924 Swamp/(14143:14143): [ ESCRITURA ] llego un mensaje de ESCRITURA de archivo Swap
[INFO] 15:55:15:927 Swamp/(14143:14143): [ ESCRITURA ] El carpincho 14363 pagina 3 pudo escribir exitosamente!
[INFO] 15:55:17:297 Swamp/(14143:14143): [ ESCRITURA ] llego un mensaje de ESCRITURA de archivo Swap
[INFO] 15:57:55:194 Swamp/(14689:14689): El Logger del Swamp Fue Creado
[INFO] 15:57:55:194 Swamp/(14689:14689): Creación de archivo Swap

[INFO] 15:57:55:199 Swamp/(14689:14689): Estoy a la espera en ip: 127.0.0.1, puerto: 6009
[INFO] 15:57:58:755 Swamp/(14689:14689): [ TIPO DE ASIGNACION ] Obtengo información sobre el caso de asignación
[INFO] 15:57:58:755 Swamp/(14689:14689): [ TIPO DE ASIGNACION ] El tipo de asignacion es: GLOBAL
[INFO] 15:58:05:849 Swamp/(14689:14689): [ VERIFICACION DE ESCIRTURA ] llego un mensaje de VERIFICACION DE ESCIRTURA de archivo Swap
[INFO] 15:58:05:849 Swamp/(14689:14689): [ PERMISO DE ESCRITURA ] El carpincho 14743 cantidad de paginas 1 puede escribir
[INFO] 15:58:06:630 Swamp/(14689:14689): [ VERIFICACION DE ESCIRTURA ] llego un mensaje de VERIFICACION DE ESCIRTURA de archivo Swap
[INFO] 15:58:06:630 Swamp/(14689:14689): [ PERMISO DE ESCRITURA ] El carpincho 14744 cantidad de paginas 1 puede escribir
[INFO] 15:58:07:423 Swamp/(14689:14689): [ VERIFICACION DE ESCIRTURA ] llego un mensaje de VERIFICACION DE ESCIRTURA de archivo Swap
[INFO] 15:58:07:423 Swamp/(14689:14689): [ PERMISO DE ESCRITURA ] El carpincho 14745 cantidad de paginas 1 puede escribir
[INFO] 15:58:08:251 Swamp/(14689:14689): [ VERIFICACION DE ESCIRTURA ] llego un mensaje de VERIFICACION DE ESCIRTURA de archivo Swap
[INFO] 15:58:08:251 Swamp/(14689:14689): [ PERMISO DE ESCRITURA ] El carpincho 14743 cantidad de paginas 1 puede escribir
[INFO] 15:58:09:072 Swamp/(14689:14689): [ VERIFICACION DE ESCIRTURA ] llego un mensaje de VERIFICACION DE ESCIRTURA de archivo Swap
[INFO] 15:58:09:072 Swamp/(14689:14689): [ PERMISO DE ESCRITURA ] El carpincho 14744 cantidad de paginas 1 puede escribir
[INFO] 15:58:09:895 Swamp/(14689:14689): [ VERIFICACION DE ESCIRTURA ] llego un mensaje de VERIFICACION DE ESCIRTURA de archivo Swap
[INFO] 15:58:09:895 Swamp/(14689:14689): [ PERMISO DE ESCRITURA ] El carpincho 14745 cantidad de paginas 1 puede escribir
[INFO] 15:58:10:731 Swamp/(14689:14689): [ VERIFICACION DE ESCIRTURA ] llego un mensaje de VERIFICACION DE ESCIRTURA de archivo Swap
[INFO] 15:58:10:732 Swamp/(14689:14689): [ PERMISO DE ESCRITURA ] El carpincho 14743 cantidad de paginas 1 puede escribir
[INFO] 15:58:11:554 Swamp/(14689:14689): [ VERIFICACION DE ESCIRTURA ] llego un mensaje de VERIFICACION DE ESCIRTURA de archivo Swap
[INFO] 15:58:11:555 Swamp/(14689:14689): [ PERMISO DE ESCRITURA ] El carpincho 14744 cantidad de paginas 1 puede escribir
[INFO] 15:58:12:385 Swamp/(14689:14689): [ VERIFICACION DE ESCIRTURA ] llego un mensaje de VERIFICACION DE ESCIRTURA de archivo Swap
[INFO] 15:58:12:385 Swamp/(14689:14689): [ PERMISO DE ESCRITURA ] El carpincho 14745 cantidad de paginas 1 puede escribir
[INFO] 15:58:13:201 Swamp/(14689:14689): [ VERIFICACION DE ESCIRTURA ] llego un mensaje de VERIFICACION DE ESCIRTURA de archivo Swap
[INFO] 15:58:13:202 Swamp/(14689:14689): [ PERMISO DE ESCRITURA ] El carpincho 14743 cantidad de paginas 1 puede escribir
[INFO] 15:58:14:021 Swamp/(14689:14689): [ VERIFICACION DE ESCIRTURA ] llego un mensaje de VERIFICACION DE ESCIRTURA de archivo Swap
[INFO] 15:58:14:021 Swamp/(14689:14689): [ PERMISO DE ESCRITURA ] El carpincho 14744 cantidad de paginas 1 puede escribir
[INFO] 15:58:14:838 Swamp/(14689:14689): [ VERIFICACION DE ESCIRTURA ] llego un mensaje de VERIFICACION DE ESCIRTURA de archivo Swap
[INFO] 15:58:14:838 Swamp/(14689:14689): [ PERMISO DE ESCRITURA ] El carpincho 14745 cantidad de paginas 1 puede escribir
[INFO] 15:58:44:600 Swamp/(14689:14689): [ VERIFICACION DE ESCIRTURA ] llego un mensaje de VERIFICACION DE ESCIRTURA de archivo Swap
[INFO] 15:58:44:600 Swamp/(14689:14689): [ PERMISO DE ESCRITURA ] El carpincho 14743 cantidad de paginas 1 puede escribir
[INFO] 15:58:45:102 Swamp/(14689:14689): [ ESCRITURA ] llego un mensaje de ESCRITURA de archivo Swap
[INFO] 15:58:45:103 Swamp/(14689:14689): [ ESCRITURA ] El carpincho 14744 pagina 2 pudo escribir exitosamente!
[INFO] 15:58:45:941 Swamp/(14689:14689): [ VERIFICACION DE ESCIRTURA ] llego un mensaje de VERIFICACION DE ESCIRTURA de archivo Swap
[INFO] 15:58:45:941 Swamp/(14689:14689): [ PERMISO DE ESCRITURA ] El carpincho 14743 cantidad de paginas 1 puede escribir
[INFO] 15:58:46:443 Swamp/(14689:14689): [ ESCRITURA ] llego un mensaje de ESCRITURA de archivo Swap
[INFO] 15:58:46:444 Swamp/(14689:14689): [ ESCRITURA ] El carpincho 14745 pagina 2 pudo escribir exitosamente!
[INFO] 15:58:47:282 Swamp/(14689:14689): [ VERIFICACION DE ESCIRTURA ] llego un mensaje de VERIFICACION DE ESCIRTURA de archivo Swap
[INFO] 15:58:47:283 Swamp/(14689:14689): [ PERMISO DE ESCRITURA ] El carpincho 14743 cantidad de paginas 1 puede escribir
[INFO] 15:58:47:784 Swamp/(14689:14689): [ ESCRITURA ] llego un mensaje de ESCRITURA de archivo Swap
[INFO] 15:58:47:785 Swamp/(14689:14689): [ ESCRITURA ] El carpincho 14744 pagina 3 pudo escribir exitosamente!
[INFO] 15:58:48:664 Swamp/(14689:14689): [ VERIFICACION DE ESCIRTURA ] llego un mensaje de VERIFICACION DE ESCIRTURA de archivo Swap
[INFO] 15:58:48:664 Swamp/(14689:14689): [ PERMISO DE ESCRITURA ] El carpincho 14743 cantidad de paginas 1 puede escribir
[INFO] 15:58:49:164 Swamp/(14689:14689): [ VERIFICACION DE ESCIRTURA ] llego un mensaje de VERIFICACION DE ESCIRTURA de archivo Swap
[INFO] 15:58:49:164 Swamp/(14689:14689): [ PERMISO DE ESCRITURA ] El carpincho -1219203377 cantidad de paginas -1219589824 puede escribir
[INFO] 15:59:39:689 Swamp/(14938:14938): El Logger del Swamp Fue Creado
[INFO] 15:59:39:689 Swamp/(14938:14938): Creación de archivo Swap

[INFO] 15:59:39:694 Swamp/(14938:14938): Estoy a la espera en ip: 127.0.0.1, puerto: 6009
[INFO] 15:59:44:977 Swamp/(14938:14938): [ TIPO DE ASIGNACION ] Obtengo información sobre el caso de asignación
[INFO] 15:59:44:977 Swamp/(14938:14938): [ TIPO DE ASIGNACION ] El tipo de asignacion es: GLOBAL
[INFO] 15:59:58:537 Swamp/(15010:15010): El Logger del Swamp Fue Creado
[INFO] 15:59:58:537 Swamp/(15010:15010): Creación de archivo Swap

[INFO] 15:59:58:542 Swamp/(15010:15010): Estoy a la espera en ip: 127.0.0.1, puerto: 6009
[INFO] 16:00:02:317 Swamp/(15010:15010): [ TIPO DE ASIGNACION ] Obtengo información sobre el caso de asignación
[INFO] 16:00:02:317 Swamp/(15010:15010): [ TIPO DE ASIGNACION ] El tipo de asignacion es: GLOBAL
[INFO] 16:00:09:241 Swamp/(15010:15010): [ VERIFICACION DE ESCIRTURA ] llego un mensaje de VERIFICACION DE ESCIRTURA de archivo Swap
[INFO] 16:00:09:241 Swamp/(15010:15010): [ PERMISO DE ESCRITURA ] El carpincho 15061 cantidad de paginas 1 puede escribir
[INFO] 16:00:10:082 Swamp/(15010:15010): [ VERIFICACION DE ESCIRTURA ] llego un mensaje de VERIFICACION DE ESCIRTURA de archivo Swap
[INFO] 16:00:10:082 Swamp/(15010:15010): [ PERMISO DE ESCRITURA ] El carpincho 15062 cantidad de paginas 1 puede escribir
[INFO] 16:00:10:941 Swamp/(15010:15010): [ VERIFICACION DE ESCIRTURA ] llego un mensaje de VERIFICACION DE ESCIRTURA de archivo Swap
[INFO] 16:00:10:941 Swamp/(15010:15010): [ PERMISO DE ESCRITURA ] El carpincho 15063 cantidad de paginas 1 puede escribir
[INFO] 16:00:11:807 Swamp/(15010:15010): [ VERIFICACION DE ESCIRTURA ] llego un mensaje de VERIFICACION DE ESCIRTURA de archivo Swap
[INFO] 16:00:11:807 Swamp/(15010:15010): [ PERMISO DE ESCRITURA ] El carpincho 15061 cantidad de paginas 1 puede escribir
[INFO] 16:00:12:712 Swamp/(15010:15010): [ VERIFICACION DE ESCIRTURA ] llego un mensaje de VERIFICACION DE ESCIRTURA de archivo Swap
[INFO] 16:00:12:712 Swamp/(15010:15010): [ PERMISO DE ESCRITURA ] El carpincho 15062 cantidad de paginas 1 puede escribir
[INFO] 16:00:13:623 Swamp/(15010:15010): [ VERIFICACION DE ESCIRTURA ] llego un mensaje de VERIFICACION DE ESCIRTURA de archivo Swap
[INFO] 16:00:13:623 Swamp/(15010:15010): [ PERMISO DE ESCRITURA ] El carpincho 15063 cantidad de paginas 1 puede escribir
[INFO] 16:00:14:514 Swamp/(15010:15010): [ VERIFICACION DE ESCIRTURA ] llego un mensaje de VERIFICACION DE ESCIRTURA de archivo Swap
[INFO] 16:00:14:514 Swamp/(15010:15010): [ PERMISO DE ESCRITURA ] El carpincho 15061 cantidad de paginas 1 puede escribir
[INFO] 16:00:15:403 Swamp/(15010:15010): [ VERIFICACION DE ESCIRTURA ] llego un mensaje de VERIFICACION DE ESCIRTURA de archivo Swap
[INFO] 16:00:15:403 Swamp/(15010:15010): [ PERMISO DE ESCRITURA ] El carpincho 15062 cantidad de paginas 1 puede escribir
[INFO] 16:00:16:330 Swamp/(15010:15010): [ VERIFICACION DE ESCIRTURA ] llego un mensaje de VERIFICACION DE ESCIRTURA de archivo Swap
[INFO] 16:00:16:330 Swamp/(15010:15010): [ PERMISO DE ESCRITURA ] El carpincho 15063 cantidad de paginas 1 puede escribir
[INFO] 16:00:17:254 Swamp/(15010:15010): [ VERIFICACION DE ESCIRTURA ] llego un mensaje de VERIFICACION DE ESCIRTURA de archivo Swap
[INFO] 16:00:17:254 Swamp/(15010:15010): [ PERMISO DE ESCRITURA ] El carpincho 15061 cantidad de paginas 1 puede escribir
[INFO] 16:00:18:175 Swamp/(15010:15010): [ VERIFICACION DE ESCIRTURA ] llego un mensaje de VERIFICACION DE ESCIRTURA de archivo Swap
[INFO] 16:00:18:175 Swamp/(15010:15010): [ PERMISO DE ESCRITURA ] El carpincho 15062 cantidad de paginas 1 puede escribir
[INFO] 16:00:19:084 Swamp/(15010:15010): [ VERIFICACION DE ESCIRTURA ] llego un mensaje de VERIFICACION DE ESCIRTURA de archivo Swap
[INFO] 16:00:19:084 Swamp/(15010:15010): [ PERMISO DE ESCRITURA ] El carpincho 15063 cantidad de paginas 1 puede escribir
[INFO] 16:00:36:188 Swamp/(15010:15010): [ VERIFICACION DE ESCIRTURA ] llego un mensaje de VERIFICACION DE ESCIRTURA de archivo Swap
[INFO] 16:00:36:188 Swamp/(15010:15010): [ PERMISO DE ESCRITURA ] El carpincho 15061 cantidad de paginas 1 puede escribir
[INFO] 16:00:36:691 Swamp/(15010:15010): [ ESCRITURA ] llego un mensaje de ESCRITURA de archivo Swap
[INFO] 16:00:36:692 Swamp/(15010:15010): [ ESCRITURA ] El carpincho 15062 pagina 2 pudo escribir exitosamente!
[INFO] 16:00:37:558 Swamp/(15010:15010): [ VERIFICACION DE ESCIRTURA ] llego un mensaje de VERIFICACION DE ESCIRTURA de archivo Swap
[INFO] 16:00:37:559 Swamp/(15010:15010): [ PERMISO DE ESCRITURA ] El carpincho 15061 cantidad de paginas 1 puede escribir
[INFO] 16:00:38:061 Swamp/(15010:15010): [ ESCRITURA ] llego un mensaje de ESCRITURA de archivo Swap
[INFO] 16:00:38:062 Swamp/(15010:15010): [ ESCRITURA ] El carpincho 15063 pagina 2 pudo escribir exitosamente!
[INFO] 16:00:38:898 Swamp/(15010:15010): [ VERIFICACION DE ESCIRTURA ] llego un mensaje de VERIFICACION DE ESCIRTURA de archivo Swap
[INFO] 16:00:38:898 Swamp/(15010:15010): [ PERMISO DE ESCRITURA ] El carpincho 15061 cantidad de paginas 1 puede escribir
[INFO] 16:00:39:400 Swamp/(15010:15010): [ ESCRITURA ] llego un mensaje de ESCRITURA de archivo Swap
[INFO] 16:00:39:401 Swamp/(15010:15010): [ ESCRITURA ] El carpincho 15062 pagina 3 pudo escribir exitosamente!
[INFO] 16:00:40:229 Swamp/(15010:15010): [ VERIFICACION DE ESCIRTURA ] llego un mensaje de VERIFICACION DE ESCIRTURA de archivo Swap
[INFO] 16:00:40:229 Swamp/(15010:15010): [ PERMISO DE ESCRITURA ] El carpincho 15061 cantidad de paginas 1 puede escribir
[INFO] 16:00:40:731 Swamp/(15010:15010): [ ESCRITURA ] llego un mensaje de ESCRITURA de archivo Swap
[INFO] 16:00:40:732 Swamp/(15010:15010): [ ESCRITURA ] El carpincho 15063 pagina 3 pudo escribir exitosamente!
[INFO] 16:00:41:957 Swamp/(15010:15010): [ ESCRITURA ] llego un mensaje de ESCRITURA de archivo Swap
