[INFO] 12:20:07:615 Swamp/(13497:13497): El Logger del Swamp Fue Creado
[INFO] 12:20:07:616 Swamp/(13497:13497): Creación de archivo Swap

[INFO] 12:20:07:616 Swamp/(13497:13497): Estoy a la espera en ip: 127.0.0.1, puerto: 6008
[INFO] 12:20:09:603 Swamp/(13497:13497): [ TIPO DE ASIGNACION ] Obtengo información sobre el caso de asignación
[INFO] 12:20:09:603 Swamp/(13497:13497): [ TIPO DE ASIGNACION ] El tipo de asignacion es: GLOBAL
[INFO] 12:21:43:745 Swamp/(13652:13652): El Logger del Swamp Fue Creado
[INFO] 12:21:43:745 Swamp/(13652:13652): Creación de archivo Swap

[INFO] 12:21:43:745 Swamp/(13652:13652): Estoy a la espera en ip: 127.0.0.1, puerto: 6008
[INFO] 12:21:45:593 Swamp/(13652:13652): [ TIPO DE ASIGNACION ] Obtengo información sobre el caso de asignación
[INFO] 12:21:45:594 Swamp/(13652:13652): [ TIPO DE ASIGNACION ] El tipo de asignacion es: GLOBAL
[INFO] 12:46:01:856 Swamp/(15695:15695): El Logger del Swamp Fue Creado
[INFO] 12:46:01:856 Swamp/(15695:15695): Creación de archivo Swap

[INFO] 12:46:01:858 Swamp/(15695:15695): Estoy a la espera en ip: 127.0.0.1, puerto: 6008
[INFO] 12:46:03:800 Swamp/(15695:15695): [ TIPO DE ASIGNACION ] Obtengo información sobre el caso de asignación
[INFO] 12:46:03:800 Swamp/(15695:15695): [ TIPO DE ASIGNACION ] El tipo de asignacion es: GLOBAL
[INFO] 12:49:05:311 Swamp/(16015:16015): El Logger del Swamp Fue Creado
[INFO] 12:49:05:311 Swamp/(16015:16015): Creación de archivo Swap

[INFO] 12:49:05:311 Swamp/(16015:16015): Estoy a la espera en ip: 127.0.0.1, puerto: 6008
[INFO] 12:49:06:881 Swamp/(16015:16015): [ TIPO DE ASIGNACION ] Obtengo información sobre el caso de asignación
[INFO] 12:49:06:881 Swamp/(16015:16015): [ TIPO DE ASIGNACION ] El tipo de asignacion es: GLOBAL
[INFO] 12:56:39:000 Swamp/(16700:16700): El Logger del Swamp Fue Creado
[INFO] 12:56:39:000 Swamp/(16700:16700): Creación de archivo Swap

[INFO] 12:56:39:001 Swamp/(16700:16700): Estoy a la espera en ip: 127.0.0.1, puerto: 6008
[INFO] 12:56:40:796 Swamp/(16700:16700): [ TIPO DE ASIGNACION ] Obtengo información sobre el caso de asignación
[INFO] 12:56:40:796 Swamp/(16700:16700): [ TIPO DE ASIGNACION ] El tipo de asignacion es: GLOBAL
[INFO] 13:01:25:871 Swamp/(17163:17163): El Logger del Swamp Fue Creado
[INFO] 13:01:25:878 Swamp/(17163:17163): Creación de archivo Swap

[INFO] 13:01:25:878 Swamp/(17163:17163): Estoy a la espera en ip: 127.0.0.1, puerto: 6008
[INFO] 13:01:27:446 Swamp/(17163:17163): [ TIPO DE ASIGNACION ] Obtengo información sobre el caso de asignación
[INFO] 13:01:27:446 Swamp/(17163:17163): [ TIPO DE ASIGNACION ] El tipo de asignacion es: GLOBAL
[INFO] 13:30:58:642 Swamp/(19653:19653): El Logger del Swamp Fue Creado
[INFO] 13:30:58:653 Swamp/(19653:19653): Creación de archivo Swap

[INFO] 13:30:58:654 Swamp/(19653:19653): Estoy a la espera en ip: 127.0.0.1, puerto: 6008
[INFO] 13:31:00:626 Swamp/(19653:19653): [ TIPO DE ASIGNACION ] Obtengo información sobre el caso de asignación
[INFO] 13:31:00:628 Swamp/(19653:19653): [ TIPO DE ASIGNACION ] El tipo de asignacion es: GLOBAL
[INFO] 13:31:44:106 Swamp/(19751:19751): El Logger del Swamp Fue Creado
[INFO] 13:31:44:107 Swamp/(19751:19751): Creación de archivo Swap

[INFO] 13:31:44:108 Swamp/(19751:19751): Estoy a la espera en ip: 127.0.0.1, puerto: 6008
